+---------+
|R: | : :G|
| : | : : |
| : : : : |
| | : | :[43m [0m|
|[34;1mY[0m| : |[35mB[0m: |
+---------+

+---------+
|R: | : :G|
| : | : : |
| : : : :[43m [0m|
| | : | : |
|[34;1mY[0m| : |[35mB[0m: |
+---------+
  (North)
+---------+
|R: | : :G|
| : | : : |
| : : :[43m [0m: |
| | : | : |
|[34;1mY[0m| : |[35mB[0m: |
+---------+
  (West)
+---------+
|R: | : :G|
| : | : : |
| : :[43m [0m: : |
| | : | : |
|[34;1mY[0m| : |[35mB[0m: |
+---------+
  (West)
+---------+
|R: | : :G|
| : | : : |
| :[43m [0m: : : |
| | : | : |
|[34;1mY[0m| : |[35mB[0m: |
+---------+
  (West)
+---------+
|R: | : :G|
| : | : : |
|[43m [0m: : : : |
| | : | : |
|[34;1mY[0m| : |[35mB[0m: |
+---------+
  (West)
+---------+
|R: | : :G|
| : | : : |
| : : : : |
|[43m [0m| : | : |
|[34;1mY[0m| : |[35mB[0m: |
+---------+
  (South)
+---------+
|R: | : :G|
| : | : : |
| : : : : |
| | : | : |
|[34;1m[43mY[0m[0m| : |[35mB[0m: |
+---------+
  (South)
+---------+
|R: | : :G|
| : | : : |
| : : : : |
| | : | : |
|[42mY[0m| : |[35mB[0m: |
+---------+
  (Pickup)
+---------+
|R: | : :G|
| : | : : |
| : : : : |
|[42m_[0m| : | : |
|Y| : |[35mB[0m: |
+---------+
  (North)
+---------+
|R: | : :G|
| : | : : |
|[42m_[0m: : : : |
| | : | : |
|Y| : |[35mB[0m: |
+---------+
  (North)
+---------+
|R: | : :G|
| : | : : |
| :[42m_[0m: : : |
| | : | : |
|Y| : |[35mB[0m: |
+---------+
  (East)
+---------+
|R: | : :G|
| : | : : |
| : :[42m_[0m: : |
| | : | : |
|Y| : |[35mB[0m: |
+---------+
  (East)
+---------+
|R: | : :G|
| : | : : |
| : : :[42m_[0m: |
| | : | : |
|Y| : |[35mB[0m: |
+---------+
  (East)
+---------+
|R: | : :G|
| : | : : |
| : : : : |
| | : |[42m_[0m: |
|Y| : |[35mB[0m: |
+---------+
  (South)
+---------+
|R: | : :G|
| : | : : |
| : : : : |
| | : | : |
|Y| : |[35m[42mB[0m[0m: |
+---------+
  (South)
Total 1606 reward in 200 episodes
Average Reward: 8.03
Average Moves: 12.97
