+---------+
|R: | : :G|
| : | : : |
| : : : : |
| | : | :[43m [0m|
|[35mY[0m| : |[34;1mB[0m: |
+---------+

+---------+
|R: | : :G|
| : | : : |
| : : : : |
| | : |[43m [0m: |
|[35mY[0m| : |[34;1mB[0m: |
+---------+
  (West)
+---------+
|R: | : :G|
| : | : : |
| : : : : |
| | : | : |
|[35mY[0m| : |[34;1m[43mB[0m[0m: |
+---------+
  (South)
+---------+
|R: | : :G|
| : | : : |
| : : : : |
| | : | : |
|[35mY[0m| : |[42mB[0m: |
+---------+
  (Pickup)
+---------+
|R: | : :G|
| : | : : |
| : : : : |
| | : |[42m_[0m: |
|[35mY[0m| : |B: |
+---------+
  (North)
+---------+
|R: | : :G|
| : | : : |
| : : :[42m_[0m: |
| | : | : |
|[35mY[0m| : |B: |
+---------+
  (North)
+---------+
|R: | : :G|
| : | : : |
| : :[42m_[0m: : |
| | : | : |
|[35mY[0m| : |B: |
+---------+
  (West)
+---------+
|R: | : :G|
| : | : : |
| :[42m_[0m: : : |
| | : | : |
|[35mY[0m| : |B: |
+---------+
  (West)
+---------+
|R: | : :G|
| : | : : |
|[42m_[0m: : : : |
| | : | : |
|[35mY[0m| : |B: |
+---------+
  (West)
+---------+
|R: | : :G|
| : | : : |
| : : : : |
|[42m_[0m| : | : |
|[35mY[0m| : |B: |
+---------+
  (South)
+---------+
|R: | : :G|
| : | : : |
| : : : : |
| | : | : |
|[35m[42mY[0m[0m| : |B: |
+---------+
  (South)
Total 1591 reward in 200 episodes
Average Reward: 7.955
Average Moves: 13.045
