+---------+
|[35mR[0m: | : :[34;1mG[0m|
| : | : : |
| : :[43m [0m: : |
| | : | : |
|Y| : |B: |
+---------+

+---------+
|[35mR[0m: | : :[34;1mG[0m|
| : |[43m [0m: : |
| : : : : |
| | : | : |
|Y| : |B: |
+---------+
  (North)
+---------+
|[35mR[0m: |[43m [0m: :[34;1mG[0m|
| : | : : |
| : : : : |
| | : | : |
|Y| : |B: |
+---------+
  (North)
+---------+
|[35mR[0m: | :[43m [0m:[34;1mG[0m|
| : | : : |
| : : : : |
| | : | : |
|Y| : |B: |
+---------+
  (East)
+---------+
|[35mR[0m: | : :[34;1m[43mG[0m[0m|
| : | : : |
| : : : : |
| | : | : |
|Y| : |B: |
+---------+
  (East)
+---------+
|[35mR[0m: | : :[42mG[0m|
| : | : : |
| : : : : |
| | : | : |
|Y| : |B: |
+---------+
  (Pickup)
+---------+
|[35mR[0m: | : :G|
| : | : :[42m_[0m|
| : : : : |
| | : | : |
|Y| : |B: |
+---------+
  (South)
+---------+
|[35mR[0m: | : :G|
| : | : : |
| : : : :[42m_[0m|
| | : | : |
|Y| : |B: |
+---------+
  (South)
+---------+
|[35mR[0m: | : :G|
| : | : : |
| : : :[42m_[0m: |
| | : | : |
|Y| : |B: |
+---------+
  (West)
+---------+
|[35mR[0m: | : :G|
| : | : : |
| : :[42m_[0m: : |
| | : | : |
|Y| : |B: |
+---------+
  (West)
+---------+
|[35mR[0m: | : :G|
| : | : : |
| :[42m_[0m: : : |
| | : | : |
|Y| : |B: |
+---------+
  (West)
+---------+
|[35mR[0m: | : :G|
| :[42m_[0m| : : |
| : : : : |
| | : | : |
|Y| : |B: |
+---------+
  (North)
+---------+
|[35mR[0m:[42m_[0m| : :G|
| : | : : |
| : : : : |
| | : | : |
|Y| : |B: |
+---------+
  (North)
+---------+
|[35m[42mR[0m[0m: | : :G|
| : | : : |
| : : : : |
| | : | : |
|Y| : |B: |
+---------+
  (West)
Total 1525 reward in 200 episodes
Average Reward: 7.625
Average Moves: 13.375
